
> @lerian-protocol/board-api@1.0.0 start
> node src/server.js

✓ Applied migration: 006_remove_agent_type.sql
All migrations applied successfully
[32mINFO[39m [2025-09-16 18:05:39] (board-api-server): [36m[board-api] Configuration loaded successfully[39m
    [35mservice[39m: "board-api"
    [35menvironment[39m: "development"
    [35mlogLevel[39m: "info"
    [35mconfigKeys[39m: [
      "NODE_ENV",
      "LOG_LEVEL",
      "LOG_DIR",
      "TASK_SERVICE_URL",
      "TASK_SERVICE_HOST",
      "TASK_SERVICE_PORT",
      "DB_PATH",
      "ALLOWED_ORIGINS",
      "DB_CONNECTION_POOL_SIZE",
      "REQUEST_TIMEOUT",
      "serviceName",
      "host",
      "port",
      "dbPath"
    ]
[32mINFO[39m [2025-09-16 18:05:39] (database-manager): [36m[database-manager] Initializing database[39m
    [35mservice[39m: "database-manager"
    [35mpath[39m: "/home/gc4str0/Documents/Lerian/ai-prompts/infrastructure/data/databases/task-management.db"
[34mDEBUG[39m [2025-09-16 18:05:39] (board-api-server): [36m[board-api-server] CORS configuration[39m
    [35mservice[39m: "board-api-server"
    [35mallowedOrigins[39m: [
      "http://localhost:5173",
      "http://localhost:3020",
      "http://127.0.0.1:5173",
      "http://127.0.0.1:3020"
    ]
[32mINFO[39m [2025-09-16 18:05:39] (board-api-server): [36m[board-api-server] Task Management Service started[39m
    [35mservice[39m: "board-api-server"
    [35mhttpUrl[39m: "http://localhost:3020"
    [35mwsUrl[39m: "ws://localhost:3020"
    [35mdatabase[39m: "/home/gc4str0/Documents/Lerian/ai-prompts/infrastructure/data/databases/task-management.db"
    [35menvironment[39m: "development"
[32mINFO[39m [2025-09-16 18:05:39] (database-manager): [36m[database-manager] Database operation: run[39m
    [35mservice[39m: "database-manager"
    [35moperation[39m: "run"
    [35mduration_ms[39m: 0
    [35msuccess[39m: true
[32mINFO[39m [2025-09-16 18:05:39] (database-manager): [36m[database-manager] Database operation: run[39m
    [35mservice[39m: "database-manager"
    [35moperation[39m: "run"
    [35mduration_ms[39m: 1
    [35msuccess[39m: true
[32mINFO[39m [2025-09-16 18:05:39] (database-manager): [36m[database-manager] Database operation: run[39m
    [35mservice[39m: "database-manager"
    [35moperation[39m: "run"
    [35mduration_ms[39m: 0
    [35msuccess[39m: true
[32mINFO[39m [2025-09-16 18:05:39] (database-manager): [36m[database-manager] Database operation: all[39m
    [35mservice[39m: "database-manager"
    [35moperation[39m: "all"
    [35mduration_ms[39m: 0
    [35msuccess[39m: true
[32mINFO[39m [2025-09-16 18:05:39] (database-manager): [36m[database-manager] Applying migration[39m
    [35mservice[39m: "database-manager"
    [35mfilename[39m: "006_remove_agent_type.sql"
[32mINFO[39m [2025-09-16 18:05:39] (database-manager): [36m[database-manager] Database operation: run[39m
    [35mservice[39m: "database-manager"
    [35moperation[39m: "run"
    [35mduration_ms[39m: 0
    [35msuccess[39m: true
[32mINFO[39m [2025-09-16 18:05:39] (database-manager): [36m[database-manager] Database operation: run[39m
    [35mservice[39m: "database-manager"
    [35moperation[39m: "run"
    [35mduration_ms[39m: 0
    [35msuccess[39m: true
[32mINFO[39m [2025-09-16 18:05:39] (database-manager): [36m[database-manager] Database operation: run[39m
    [35mservice[39m: "database-manager"
    [35moperation[39m: "run"
    [35mduration_ms[39m: 1
    [35msuccess[39m: true
[32mINFO[39m [2025-09-16 18:05:39] (database-manager): [36m[database-manager] Database operation: run[39m
    [35mservice[39m: "database-manager"
    [35moperation[39m: "run"
    [35mduration_ms[39m: 0
    [35msuccess[39m: true
[32mINFO[39m [2025-09-16 18:05:39] (database-manager): [36m[database-manager] Database operation: run[39m
    [35mservice[39m: "database-manager"
    [35moperation[39m: "run"
    [35mduration_ms[39m: 0
    [35msuccess[39m: true
[32mINFO[39m [2025-09-16 18:05:39] (database-manager): [36m[database-manager] Database operation: run[39m
    [35mservice[39m: "database-manager"
    [35moperation[39m: "run"
    [35mduration_ms[39m: 0
    [35msuccess[39m: true
[32mINFO[39m [2025-09-16 18:05:39] (database-manager): [36m[database-manager] Database operation: run[39m
    [35mservice[39m: "database-manager"
    [35moperation[39m: "run"
    [35mduration_ms[39m: 4
    [35msuccess[39m: true
[32mINFO[39m [2025-09-16 18:05:39] (database-manager): [36m[database-manager] Database initialized successfully[39m
    [35mservice[39m: "database-manager"
    [35mpath[39m: "/home/gc4str0/Documents/Lerian/ai-prompts/infrastructure/data/databases/task-management.db"
    [35mfeatures[39m: [
      "foreign_keys",
      "wal_mode",
      "migrations"
    ]
[34mDEBUG[39m [2025-09-16 18:05:40] (board-api-server): [36m[board-api-server] HTTP Request[39m
    [35mservice[39m: "board-api-server"
    [35mmethod[39m: "GET"
    [35mpath[39m: "/health"
    [35mip[39m: "::1"
    [35muserAgent[39m: "curl/8.11.1"
[34mDEBUG[39m [2025-09-16 18:05:57] (board-api-server): [36m[board-api-server] HTTP Request[39m
    [35mservice[39m: "board-api-server"
    [35mmethod[39m: "GET"
    [35mpath[39m: "/health"
    [35mip[39m: "::1"
    [35muserAgent[39m: "curl/8.11.1"
[32mINFO[39m [2025-09-16 18:05:59] (database-manager): [36m[database-manager] Database operation: all[39m
    [35mservice[39m: "database-manager"
    [35moperation[39m: "all"
    [35mduration_ms[39m: 0
    [35msuccess[39m: true
[34mDEBUG[39m [2025-09-16 18:05:59] (board-api-server): [36m[board-api-server] HTTP Request[39m
    [35mservice[39m: "board-api-server"
    [35mmethod[39m: "GET"
    [35mpath[39m: "/api/tasks"
    [35mip[39m: "::1"
    [35muserAgent[39m: "curl/8.11.1"
